time="2020-12-07T13:53:43.262735800Z" level=info msg="Starting up"
time="2020-12-07T13:53:43.307705600Z" level=info msg="libcontainerd: started new containerd process" pid=1620
time="2020-12-07T13:53:43.315833300Z" level=info msg="parsed scheme: \"unix\"" module=grpc
time="2020-12-07T13:53:43.320044800Z" level=info msg="scheme \"unix\" not registered, fallback to default scheme" module=grpc
time="2020-12-07T13:53:43.322470900Z" level=info msg="ccResolverWrapper: sending update to cc: {[{unix:///var/run/docker/containerd/containerd.sock 0  <nil>}] <nil>}" module=grpc
time="2020-12-07T13:53:43.324537600Z" level=info msg="ClientConn switching balancer to \"pick_first\"" module=grpc
time="2020-12-07T13:53:43.513766200Z" level=info msg="starting containerd" revision= version=1.3.3-0ubuntu2
time="2020-12-07T13:53:43.607745500Z" level=info msg="loading plugin \"io.containerd.content.v1.content\"..." type=io.containerd.content.v1
time="2020-12-07T13:53:43.611381400Z" level=info msg="loading plugin \"io.containerd.snapshotter.v1.btrfs\"..." type=io.containerd.snapshotter.v1
time="2020-12-07T13:53:43.617260200Z" level=info msg="skip loading plugin \"io.containerd.snapshotter.v1.btrfs\"..." error="path /var/lib/docker/containerd/daemon/io.containerd.snapshotter.v1.btrfs (overlay) must be a btrfs filesystem to be used with the btrfs snapshotter: skip plugin" type=io.containerd.snapshotter.v1
time="2020-12-07T13:53:43.618766000Z" level=info msg="loading plugin \"io.containerd.snapshotter.v1.devmapper\"..." type=io.containerd.snapshotter.v1
time="2020-12-07T13:53:43.620601800Z" level=warning msg="failed to load plugin io.containerd.snapshotter.v1.devmapper" error="devmapper not configured"
time="2020-12-07T13:53:43.622424600Z" level=info msg="loading plugin \"io.containerd.snapshotter.v1.aufs\"..." type=io.containerd.snapshotter.v1
time="2020-12-07T13:53:43.624118500Z" level=info msg="skip loading plugin \"io.containerd.snapshotter.v1.aufs\"..." error="modprobe aufs failed: \"\": exec: \"modprobe\": executable file not found in $PATH: skip plugin" type=io.containerd.snapshotter.v1
time="2020-12-07T13:53:43.627592600Z" level=info msg="loading plugin \"io.containerd.snapshotter.v1.native\"..." type=io.containerd.snapshotter.v1
time="2020-12-07T13:53:43.630223500Z" level=info msg="loading plugin \"io.containerd.snapshotter.v1.overlayfs\"..." type=io.containerd.snapshotter.v1
time="2020-12-07T13:53:43.631839500Z" level=info msg="loading plugin \"io.containerd.snapshotter.v1.zfs\"..." type=io.containerd.snapshotter.v1
time="2020-12-07T13:53:43.633904200Z" level=info msg="skip loading plugin \"io.containerd.snapshotter.v1.zfs\"..." error="path /var/lib/docker/containerd/daemon/io.containerd.snapshotter.v1.zfs must be a zfs filesystem to be used with the zfs snapshotter: skip plugin" type=io.containerd.snapshotter.v1
time="2020-12-07T13:53:43.635597300Z" level=info msg="loading plugin \"io.containerd.metadata.v1.bolt\"..." type=io.containerd.metadata.v1
time="2020-12-07T13:53:43.638161000Z" level=warning msg="could not use snapshotter devmapper in metadata plugin" error="devmapper not configured"
time="2020-12-07T13:53:43.641043800Z" level=info msg="metadata content store policy set" policy=shared
time="2020-12-07T13:53:43.643129400Z" level=info msg="loading plugin \"io.containerd.differ.v1.walking\"..." type=io.containerd.differ.v1
time="2020-12-07T13:53:43.644639400Z" level=info msg="loading plugin \"io.containerd.gc.v1.scheduler\"..." type=io.containerd.gc.v1
time="2020-12-07T13:53:43.647551400Z" level=info msg="loading plugin \"io.containerd.service.v1.containers-service\"..." type=io.containerd.service.v1
time="2020-12-07T13:53:43.649723000Z" level=info msg="loading plugin \"io.containerd.service.v1.content-service\"..." type=io.containerd.service.v1
time="2020-12-07T13:53:43.651714600Z" level=info msg="loading plugin \"io.containerd.service.v1.diff-service\"..." type=io.containerd.service.v1
time="2020-12-07T13:53:43.653586600Z" level=info msg="loading plugin \"io.containerd.service.v1.images-service\"..." type=io.containerd.service.v1
time="2020-12-07T13:53:43.658023800Z" level=info msg="loading plugin \"io.containerd.service.v1.leases-service\"..." type=io.containerd.service.v1
time="2020-12-07T13:53:43.664691300Z" level=info msg="loading plugin \"io.containerd.service.v1.namespaces-service\"..." type=io.containerd.service.v1
time="2020-12-07T13:53:43.666859900Z" level=info msg="loading plugin \"io.containerd.service.v1.snapshots-service\"..." type=io.containerd.service.v1
time="2020-12-07T13:53:43.672768200Z" level=info msg="loading plugin \"io.containerd.runtime.v1.linux\"..." type=io.containerd.runtime.v1
time="2020-12-07T13:53:43.684706600Z" level=info msg="loading plugin \"io.containerd.runtime.v2.task\"..." type=io.containerd.runtime.v2
time="2020-12-07T13:53:43.690562200Z" level=info msg="loading plugin \"io.containerd.monitor.v1.cgroups\"..." type=io.containerd.monitor.v1
time="2020-12-07T13:53:43.693173600Z" level=info msg="loading plugin \"io.containerd.service.v1.tasks-service\"..." type=io.containerd.service.v1
time="2020-12-07T13:53:43.697460700Z" level=info msg="loading plugin \"io.containerd.internal.v1.restart\"..." type=io.containerd.internal.v1
time="2020-12-07T13:53:43.699197500Z" level=info msg="loading plugin \"io.containerd.grpc.v1.containers\"..." type=io.containerd.grpc.v1
time="2020-12-07T13:53:43.713028800Z" level=info msg="loading plugin \"io.containerd.grpc.v1.content\"..." type=io.containerd.grpc.v1
time="2020-12-07T13:53:43.715796800Z" level=info msg="loading plugin \"io.containerd.grpc.v1.diff\"..." type=io.containerd.grpc.v1
time="2020-12-07T13:53:43.719717800Z" level=info msg="loading plugin \"io.containerd.grpc.v1.events\"..." type=io.containerd.grpc.v1
time="2020-12-07T13:53:43.723254000Z" level=info msg="loading plugin \"io.containerd.grpc.v1.healthcheck\"..." type=io.containerd.grpc.v1
time="2020-12-07T13:53:43.725403300Z" level=info msg="loading plugin \"io.containerd.grpc.v1.images\"..." type=io.containerd.grpc.v1
time="2020-12-07T13:53:43.728511900Z" level=info msg="loading plugin \"io.containerd.grpc.v1.leases\"..." type=io.containerd.grpc.v1
time="2020-12-07T13:53:43.733481700Z" level=info msg="loading plugin \"io.containerd.grpc.v1.namespaces\"..." type=io.containerd.grpc.v1
time="2020-12-07T13:53:43.748622800Z" level=info msg="loading plugin \"io.containerd.internal.v1.opt\"..." type=io.containerd.internal.v1
time="2020-12-07T13:53:43.753555000Z" level=info msg="loading plugin \"io.containerd.grpc.v1.snapshots\"..." type=io.containerd.grpc.v1
time="2020-12-07T13:53:43.758864600Z" level=info msg="loading plugin \"io.containerd.grpc.v1.tasks\"..." type=io.containerd.grpc.v1
time="2020-12-07T13:53:43.763194100Z" level=info msg="loading plugin \"io.containerd.grpc.v1.version\"..." type=io.containerd.grpc.v1
time="2020-12-07T13:53:43.766761000Z" level=info msg="loading plugin \"io.containerd.grpc.v1.introspection\"..." type=io.containerd.grpc.v1
time="2020-12-07T13:53:43.793265900Z" level=info msg=serving... address=/var/run/docker/containerd/containerd-debug.sock
time="2020-12-07T13:53:43.802641800Z" level=info msg=serving... address=/var/run/docker/containerd/containerd.sock.ttrpc
time="2020-12-07T13:53:43.822519600Z" level=info msg=serving... address=/var/run/docker/containerd/containerd.sock
time="2020-12-07T13:53:43.837772300Z" level=info msg="containerd successfully booted in 0.330997s"
time="2020-12-07T13:53:43.879210400Z" level=info msg="parsed scheme: \"unix\"" module=grpc
time="2020-12-07T13:53:43.882579200Z" level=info msg="scheme \"unix\" not registered, fallback to default scheme" module=grpc
time="2020-12-07T13:53:43.885442000Z" level=info msg="ccResolverWrapper: sending update to cc: {[{unix:///var/run/docker/containerd/containerd.sock 0  <nil>}] <nil>}" module=grpc
time="2020-12-07T13:53:43.891475100Z" level=info msg="ClientConn switching balancer to \"pick_first\"" module=grpc
time="2020-12-07T13:53:43.906585000Z" level=info msg="parsed scheme: \"unix\"" module=grpc
time="2020-12-07T13:53:43.911706700Z" level=info msg="scheme \"unix\" not registered, fallback to default scheme" module=grpc
time="2020-12-07T13:53:43.913750900Z" level=info msg="ccResolverWrapper: sending update to cc: {[{unix:///var/run/docker/containerd/containerd.sock 0  <nil>}] <nil>}" module=grpc
time="2020-12-07T13:53:43.915514700Z" level=info msg="ClientConn switching balancer to \"pick_first\"" module=grpc
time="2020-12-07T13:53:43.929162800Z" level=error msg="failed to mount overlay: invalid argument" storage-driver=overlay2
time="2020-12-07T13:53:43.933226400Z" level=error msg="AUFS was not found in /proc/filesystems" storage-driver=aufs
time="2020-12-07T13:53:43.949994600Z" level=error msg="failed to mount overlay: invalid argument" storage-driver=overlay
time="2020-12-07T13:53:43.965700300Z" level=error msg="Udev sync is not supported. This will lead to data loss and unexpected behavior. Install a more recent version of libdevmapper or select a different storage driver. For more information, see https://docs.docker.com/engine/reference/commandline/dockerd/#storage-driver-options" storage-driver=devicemapper
time="2020-12-07T13:53:43.982706200Z" level=warning msg="Your kernel does not support cgroup blkio weight"
time="2020-12-07T13:53:43.983828600Z" level=warning msg="Your kernel does not support cgroup blkio weight_device"
time="2020-12-07T13:53:43.986023200Z" level=info msg="Loading containers: start."
time="2020-12-07T13:53:44.302807700Z" level=info msg="Default bridge (docker0) is assigned with an IP address 172.17.0.0/16. Daemon option --bip can be used to set a preferred IP address"
time="2020-12-07T13:53:44.450364600Z" level=info msg="Loading containers: done."
time="2020-12-07T13:53:44.482783000Z" level=info msg="Docker daemon" commit=afacb8b7f0 graphdriver(s)=vfs version=19.03.8
time="2020-12-07T13:53:44.485605600Z" level=info msg="Daemon has completed initialization"
time="2020-12-07T13:53:44.540014100Z" level=info msg="API listen on /var/run/docker.sock"
time="2020-12-07T13:53:59.084473700Z" level=error msg="Not continuing with pull after error: errors:\ndenied: requested access to the resource is denied\nunauthorized: authentication required\n"
time="2020-12-07T13:53:59.089156100Z" level=info msg="Ignoring extra error returned from registry: unauthorized: authentication required"
time="2020-12-07T13:54:07.478578700Z" level=info msg="No non-localhost DNS nameservers are left in resolv.conf. Using default external servers: [nameserver 8.8.8.8 nameserver 8.8.4.4]"
time="2020-12-07T13:54:07.483105100Z" level=info msg="IPv6 enabled; Adding default IPv6 external servers: [nameserver 2001:4860:4860::8888 nameserver 2001:4860:4860::8844]"
time="2020-12-07T13:54:07.568772300Z" level=info msg="shim containerd-shim started" address=/containerd-shim/2484bf2b08d5a1dab4d6f6acf51eaf775674a54d1dc0d646ceaa7b622c1b3c4f.sock debug=false pid=1794
time="2020-12-07T13:54:08.344888800Z" level=info msg="shim reaped" id=619689e48466744f98d3f8e939508a3386dd1862edf222df70c5fdc7518f5e55
time="2020-12-07T13:54:08.352896300Z" level=info msg="ignoring event" module=libcontainerd namespace=moby topic=/tasks/delete type="*events.TaskDelete"
time="2020-12-07T13:55:51.746954100Z" level=info msg="No non-localhost DNS nameservers are left in resolv.conf. Using default external servers: [nameserver 8.8.8.8 nameserver 8.8.4.4]"
time="2020-12-07T13:55:51.750080200Z" level=info msg="IPv6 enabled; Adding default IPv6 external servers: [nameserver 2001:4860:4860::8888 nameserver 2001:4860:4860::8844]"
time="2020-12-07T13:55:51.812756200Z" level=info msg="shim containerd-shim started" address=/containerd-shim/d8b5f2a897996edde45dd248d184a31e11fa7d307d821e9339917b957000c8e8.sock debug=false pid=1925
time="2020-12-07T13:56:03.687053200Z" level=info msg="shim reaped" id=a998c6a5425d713dbc98cb6f68a278d053f5d2a782ea5d3b209705bb546741d1
time="2020-12-07T13:56:03.704500300Z" level=info msg="ignoring event" module=libcontainerd namespace=moby topic=/tasks/delete type="*events.TaskDelete"
time="2020-12-07T13:56:43.670021900Z" level=info msg="Layer sha256:9c27e219663c25e0f28493790cc0b88bc973ba3b1686355f221c38a36978ac63 cleaned up"
